[debug] [2022-11-02T17:56:58.046Z] ----------------------------------------------------------------------
[debug] [2022-11-02T17:56:58.049Z] Command:       /usr/local/bin/firebase /Users/noel/.cache/firebase/tools/lib/node_modules/firebase-tools/lib/bin/firebase deploy --only hosting -P default
[debug] [2022-11-02T17:56:58.050Z] CLI Version:   11.4.2
[debug] [2022-11-02T17:56:58.051Z] Platform:      darwin
[debug] [2022-11-02T17:56:58.051Z] Node Version:  v16.16.0
[debug] [2022-11-02T17:56:58.055Z] Time:          Wed Nov 02 2022 12:56:58 GMT-0500 (Peru Standard Time)
[debug] [2022-11-02T17:56:58.055Z] ----------------------------------------------------------------------
[debug] 
[debug] [2022-11-02T17:56:58.219Z] > command requires scopes: ["email","openid","https://www.googleapis.com/auth/cloudplatformprojects.readonly","https://www.googleapis.com/auth/firebase","https://www.googleapis.com/auth/cloud-platform"]
[debug] [2022-11-02T17:56:58.222Z] > authorizing via signed-in user (admin@agenciaservitec.com)
[debug] [2022-11-02T17:56:58.223Z] [iam] checking project sendingemails-348505 for permissions ["firebase.projects.get","firebasehosting.sites.update"]
[debug] [2022-11-02T17:56:58.227Z] > refreshing access token with scopes: []
[debug] [2022-11-02T17:56:58.231Z] >>> [apiv2][query] POST https://www.googleapis.com/oauth2/v3/token [none]
[debug] [2022-11-02T17:56:58.232Z] >>> [apiv2][body] POST https://www.googleapis.com/oauth2/v3/token [omitted]
[debug] [2022-11-02T17:56:58.568Z] <<< [apiv2][status] POST https://www.googleapis.com/oauth2/v3/token 200
[debug] [2022-11-02T17:56:58.571Z] <<< [apiv2][body] POST https://www.googleapis.com/oauth2/v3/token [omitted]
[debug] [2022-11-02T17:56:58.615Z] >>> [apiv2][query] POST https://cloudresourcemanager.googleapis.com/v1/projects/sendingemails-348505:testIamPermissions [none]
[debug] [2022-11-02T17:56:58.615Z] >>> [apiv2][(partial)header] POST https://cloudresourcemanager.googleapis.com/v1/projects/sendingemails-348505:testIamPermissions x-goog-quota-user=projects/sendingemails-348505
[debug] [2022-11-02T17:56:58.617Z] >>> [apiv2][body] POST https://cloudresourcemanager.googleapis.com/v1/projects/sendingemails-348505:testIamPermissions {"permissions":["firebase.projects.get","firebasehosting.sites.update"]}
[debug] [2022-11-02T17:56:59.607Z] <<< [apiv2][status] POST https://cloudresourcemanager.googleapis.com/v1/projects/sendingemails-348505:testIamPermissions 200
[debug] [2022-11-02T17:56:59.610Z] <<< [apiv2][body] POST https://cloudresourcemanager.googleapis.com/v1/projects/sendingemails-348505:testIamPermissions {"permissions":["firebase.projects.get","firebasehosting.sites.update"]}
[debug] [2022-11-02T17:56:59.611Z] >>> [apiv2][query] GET https://firebase.googleapis.com/v1beta1/projects/sendingemails-348505 [none]
[debug] [2022-11-02T17:57:00.143Z] <<< [apiv2][status] GET https://firebase.googleapis.com/v1beta1/projects/sendingemails-348505 200
[debug] [2022-11-02T17:57:00.146Z] <<< [apiv2][body] GET https://firebase.googleapis.com/v1beta1/projects/sendingemails-348505 {"projectId":"sendingemails-348505","projectNumber":"528330562982","displayName":"sendingEmails","name":"projects/sendingemails-348505","resources":{"hostingSite":"sendingemails-348505","storageBucket":"sendingemails-348505.appspot.com","locationId":"us-central"},"state":"ACTIVE","etag":"1_b789164d-fbe0-4ae7-b8cd-d3472c78f7dc"}
[info] 
[info] === Deploying to 'sendingemails-348505'...
[info] 
[info] i  deploying hosting 
[debug] [2022-11-02T17:57:00.153Z] >>> [apiv2][query] GET https://firebase.googleapis.com/v1beta1/projects/sendingemails-348505 [none]
[debug] [2022-11-02T17:57:00.769Z] <<< [apiv2][status] GET https://firebase.googleapis.com/v1beta1/projects/sendingemails-348505 200
[debug] [2022-11-02T17:57:00.771Z] <<< [apiv2][body] GET https://firebase.googleapis.com/v1beta1/projects/sendingemails-348505 {"projectId":"sendingemails-348505","projectNumber":"528330562982","displayName":"sendingEmails","name":"projects/sendingemails-348505","resources":{"hostingSite":"sendingemails-348505","storageBucket":"sendingemails-348505.appspot.com","locationId":"us-central"},"state":"ACTIVE","etag":"1_b789164d-fbe0-4ae7-b8cd-d3472c78f7dc"}
[debug] [2022-11-02T17:57:00.773Z] >>> [apiv2][query] POST https://firebasehosting.googleapis.com/v1beta1/projects/528330562982/sites/sendingemails-348505/versions [none]
[debug] [2022-11-02T17:57:00.774Z] >>> [apiv2][body] POST https://firebasehosting.googleapis.com/v1beta1/projects/528330562982/sites/sendingemails-348505/versions {"config":{"rewrites":[{"glob":"**","path":"/index.html"}],"headers":[{"glob":"/index.html","headers":{"Cache-Control":"no-cache"}},{"glob":"/static/**/*.@(css|js)","headers":{"Cache-Control":"max-age=2628000"}}]},"labels":{"deployment-tool":"cli-firebase"}}
[debug] [2022-11-02T17:57:02.375Z] <<< [apiv2][status] POST https://firebasehosting.googleapis.com/v1beta1/projects/528330562982/sites/sendingemails-348505/versions 200
[debug] [2022-11-02T17:57:02.376Z] <<< [apiv2][body] POST https://firebasehosting.googleapis.com/v1beta1/projects/528330562982/sites/sendingemails-348505/versions {"name":"projects/528330562982/sites/sendingemails-348505/versions/948ddbef87b1c5fc","status":"CREATED","config":{"headers":[{"headers":{"Cache-Control":"no-cache"},"glob":"/index.html"},{"headers":{"Cache-Control":"max-age=2628000"},"glob":"/static/**/*.@(css|js)"}],"rewrites":[{"glob":"**","path":"/index.html"}]},"labels":{"deployment-tool":"cli-firebase"}}
[info] i  hosting[sendingemails-348505]: beginning deploy... 
[info] i  hosting[sendingemails-348505]: found 19 files in build 
[debug] [2022-11-02T17:57:02.404Z] [hosting] uploading with 200 concurrency
[debug] [2022-11-02T17:57:02.583Z] [hosting] hash cache [YnVpbGQ] stored for 19 files
[debug] [2022-11-02T17:57:02.584Z] [hosting][hash queue][FINAL] {"max":162,"min":22,"avg":36.68421052631579,"active":0,"complete":19,"success":19,"errored":0,"retried":0,"total":19,"elapsed":178}
[debug] [2022-11-02T17:57:02.584Z] >>> [apiv2][query] POST https://firebasehosting.googleapis.com/v1beta1/projects/528330562982/sites/sendingemails-348505/versions/948ddbef87b1c5fc:populateFiles [none]
[debug] [2022-11-02T17:57:02.584Z] >>> [apiv2][body] POST https://firebasehosting.googleapis.com/v1beta1/projects/528330562982/sites/sendingemails-348505/versions/948ddbef87b1c5fc:populateFiles {"files":{"/asset-manifest.json":"51738c9f59a4140d1964a95f2b9e9224f6c028bfda723b31b3bca584be8f3ec0","/index.html":"f79415e96406740fadf934075fff1a62e83ed589a6f736d7849962e3e7c7c1b7","/logo.webp":"bfe71e152e4cee714421ca5bc61b65dde0bb8a0f5eac143874900a2c8de0fe97","/manifest.json":"32dfdb7bd1a0c0e17e89d1e113f87e3b6f52357e41384d55006e16e5bd62b943","/static/js/27.0ce9d10f.chunk.js":"83f4269634bb098ae40fdc67e13a85fb5dafafe051fc5b9d25308422d5689c04","/robots.txt":"391d14b3c2f8c9143a27a28c7399585142228d4d1bdbe2c87ac946de411fa9a2","/static/js/510.9061ac76.chunk.js.LICENSE.txt":"d41b3cc03e352d79d155ebcce1cdc8cb966331f740803f675ef132a67f1acef2","/static/js/510.9061ac76.chunk.js":"f8cc62d08fae32a4e393dfa1ad29826f46d6f980f3764da4516c219411ac7cd4","/static/js/main.636096ed.js.LICENSE.txt":"b2773776b714d116c9508375b57ad2a1824fa7dfd7d07218708a5f99f832d76c","/static/media/no-found.9ede676eac665e7ad05f.webp":"9d953e9481cf563cd220956419562d5539fd8b461b7885fbdd291384302baa23","/static/media/logo.954b42811ce53ec3ef69.webp":"bfe71e152e4cee714421ca5bc61b65dde0bb8a0f5eac143874900a2c8de0fe97","/logo192.png":"ef5e16361d48c214bb91db5ab87d8e973e019f1515801d0dd5263a9ec2734a64","/static/media/Montserrat-Regular.e20d5327f1a05620c084.ttf":"40c8a43343e5bcf9f361cdf79f8dce04e33f094f5aeaf2b377b679e1444016f3","/static/media/contact-sound.e83e4bc8743e5dc5c713.mp3":"121520f4262e258c5a8f034f4e5ae485e4c8d61a9b08f834c4e1e83bef5dc325","/static/media/Audiowide-Regular.909342598b3adb03b2e6.ttf":"432a71fc611ad7ac31d1a3bd8343279e875f1d788a8b8e847d852384738380ff","/logo512.png":"cad96d5cb58bfa338cbca72f315f528a69db62979cf820f1b7aba623b965a1ac","/favicon.ico":"24ea99e0a40ab14f6c43888caf748e31372e1bb91dd7da16a6e50d77e424b94c","/static/css/main.dd1e36c5.css":"134b7ae9a48b14ee59c92afe30b72b8657163566ba04ffc8e956496ae63d9402","/static/js/main.636096ed.js":"9e7e82a7fc9e6942c983c553736ab235169bbdfdc029b857dcc3b90c40351a30"}}
[debug] [2022-11-02T17:57:03.808Z] <<< [apiv2][status] POST https://firebasehosting.googleapis.com/v1beta1/projects/528330562982/sites/sendingemails-348505/versions/948ddbef87b1c5fc:populateFiles 200
[debug] [2022-11-02T17:57:03.808Z] <<< [apiv2][body] POST https://firebasehosting.googleapis.com/v1beta1/projects/528330562982/sites/sendingemails-348505/versions/948ddbef87b1c5fc:populateFiles {"uploadRequiredHashes":["9e7e82a7fc9e6942c983c553736ab235169bbdfdc029b857dcc3b90c40351a30","f79415e96406740fadf934075fff1a62e83ed589a6f736d7849962e3e7c7c1b7","51738c9f59a4140d1964a95f2b9e9224f6c028bfda723b31b3bca584be8f3ec0"],"uploadUrl":"https://upload-firebasehosting.googleapis.com/upload/sites/sendingemails-348505/versions/948ddbef87b1c5fc/files"}
[debug] [2022-11-02T17:57:03.811Z] >>> [apiv2][query] POST https://upload-firebasehosting.googleapis.com/upload/sites/sendingemails-348505/versions/948ddbef87b1c5fc/files/9e7e82a7fc9e6942c983c553736ab235169bbdfdc029b857dcc3b90c40351a30 [none]
[debug] [2022-11-02T17:57:03.811Z] >>> [apiv2][body] POST https://upload-firebasehosting.googleapis.com/upload/sites/sendingemails-348505/versions/948ddbef87b1c5fc/files/9e7e82a7fc9e6942c983c553736ab235169bbdfdc029b857dcc3b90c40351a30 [stream]
[debug] [2022-11-02T17:57:03.813Z] >>> [apiv2][query] POST https://upload-firebasehosting.googleapis.com/upload/sites/sendingemails-348505/versions/948ddbef87b1c5fc/files/f79415e96406740fadf934075fff1a62e83ed589a6f736d7849962e3e7c7c1b7 [none]
[debug] [2022-11-02T17:57:03.813Z] >>> [apiv2][body] POST https://upload-firebasehosting.googleapis.com/upload/sites/sendingemails-348505/versions/948ddbef87b1c5fc/files/f79415e96406740fadf934075fff1a62e83ed589a6f736d7849962e3e7c7c1b7 [stream]
[debug] [2022-11-02T17:57:03.816Z] >>> [apiv2][query] POST https://upload-firebasehosting.googleapis.com/upload/sites/sendingemails-348505/versions/948ddbef87b1c5fc/files/51738c9f59a4140d1964a95f2b9e9224f6c028bfda723b31b3bca584be8f3ec0 [none]
[debug] [2022-11-02T17:57:03.816Z] >>> [apiv2][body] POST https://upload-firebasehosting.googleapis.com/upload/sites/sendingemails-348505/versions/948ddbef87b1c5fc/files/51738c9f59a4140d1964a95f2b9e9224f6c028bfda723b31b3bca584be8f3ec0 [stream]
[debug] [2022-11-02T17:57:03.818Z] [hosting][populate queue][FINAL] {"max":1229,"min":1229,"avg":1229,"active":0,"complete":1,"success":1,"errored":0,"retried":0,"total":1,"elapsed":1237}
[debug] [2022-11-02T17:57:03.819Z] [hosting] uploads queued: 3
[debug] [2022-11-02T17:57:05.948Z] <<< [apiv2][status] POST https://upload-firebasehosting.googleapis.com/upload/sites/sendingemails-348505/versions/948ddbef87b1c5fc/files/51738c9f59a4140d1964a95f2b9e9224f6c028bfda723b31b3bca584be8f3ec0 200
[debug] [2022-11-02T17:57:05.949Z] <<< [apiv2][body] POST https://upload-firebasehosting.googleapis.com/upload/sites/sendingemails-348505/versions/948ddbef87b1c5fc/files/51738c9f59a4140d1964a95f2b9e9224f6c028bfda723b31b3bca584be8f3ec0 [stream]
[debug] [2022-11-02T17:57:08.211Z] <<< [apiv2][status] POST https://upload-firebasehosting.googleapis.com/upload/sites/sendingemails-348505/versions/948ddbef87b1c5fc/files/9e7e82a7fc9e6942c983c553736ab235169bbdfdc029b857dcc3b90c40351a30 200
[debug] [2022-11-02T17:57:08.215Z] <<< [apiv2][body] POST https://upload-firebasehosting.googleapis.com/upload/sites/sendingemails-348505/versions/948ddbef87b1c5fc/files/9e7e82a7fc9e6942c983c553736ab235169bbdfdc029b857dcc3b90c40351a30 [stream]
[debug] [2022-11-02T17:57:11.090Z] <<< [apiv2][status] POST https://upload-firebasehosting.googleapis.com/upload/sites/sendingemails-348505/versions/948ddbef87b1c5fc/files/f79415e96406740fadf934075fff1a62e83ed589a6f736d7849962e3e7c7c1b7 200
[debug] [2022-11-02T17:57:11.091Z] <<< [apiv2][body] POST https://upload-firebasehosting.googleapis.com/upload/sites/sendingemails-348505/versions/948ddbef87b1c5fc/files/f79415e96406740fadf934075fff1a62e83ed589a6f736d7849962e3e7c7c1b7 [stream]
[debug] [2022-11-02T17:57:11.091Z] [hosting][upload queue][FINAL] {"max":7281,"min":2139,"avg":4609,"active":0,"complete":3,"success":3,"errored":0,"retried":0,"total":3,"elapsed":7283}
[info] ✔  hosting[sendingemails-348505]: file upload complete 
[debug] [2022-11-02T17:57:11.095Z] [hosting] deploy completed after 8718ms
[debug] [2022-11-02T17:57:11.105Z] [
  {
    "config": {
      "public": "build",
      "ignore": [
        "firebase.json",
        "**/.*",
        "**/node_modules/**"
      ],
      "rewrites": [
        {
          "source": "**",
          "destination": "/index.html"
        }
      ],
      "headers": [
        {
          "source": "/index.html",
          "headers": [
            {
              "key": "Cache-Control",
              "value": "no-cache"
            }
          ]
        },
        {
          "source": "/static/**/*.@(css|js)",
          "headers": [
            {
              "key": "Cache-Control",
              "value": "max-age=2628000"
            }
          ]
        }
      ],
      "site": "sendingemails-348505"
    },
    "site": "sendingemails-348505",
    "version": "projects/528330562982/sites/sendingemails-348505/versions/948ddbef87b1c5fc"
  }
]
[info] i  hosting[sendingemails-348505]: finalizing version... 
[debug] [2022-11-02T17:57:11.110Z] >>> [apiv2][query] PATCH https://firebasehosting.googleapis.com/v1beta1/projects/528330562982/sites/sendingemails-348505/versions/948ddbef87b1c5fc updateMask=status%2Cconfig
[debug] [2022-11-02T17:57:11.111Z] >>> [apiv2][body] PATCH https://firebasehosting.googleapis.com/v1beta1/projects/528330562982/sites/sendingemails-348505/versions/948ddbef87b1c5fc {"status":"FINALIZED","config":{"rewrites":[{"glob":"**","path":"/index.html"}],"headers":[{"glob":"/index.html","headers":{"Cache-Control":"no-cache"}},{"glob":"/static/**/*.@(css|js)","headers":{"Cache-Control":"max-age=2628000"}}]}}
[debug] [2022-11-02T17:57:12.150Z] <<< [apiv2][status] PATCH https://firebasehosting.googleapis.com/v1beta1/projects/528330562982/sites/sendingemails-348505/versions/948ddbef87b1c5fc 200
[debug] [2022-11-02T17:57:12.151Z] <<< [apiv2][body] PATCH https://firebasehosting.googleapis.com/v1beta1/projects/528330562982/sites/sendingemails-348505/versions/948ddbef87b1c5fc {"name":"projects/528330562982/sites/sendingemails-348505/versions/948ddbef87b1c5fc","status":"FINALIZED","config":{"headers":[{"headers":{"Cache-Control":"no-cache"},"glob":"/index.html"},{"headers":{"Cache-Control":"max-age=2628000"},"glob":"/static/**/*.@(css|js)"}],"rewrites":[{"glob":"**","path":"/index.html"}]},"labels":{"deployment-tool":"cli-firebase"},"createTime":"2022-11-02T17:57:02.079242Z","createUser":{"email":"admin@agenciaservitec.com"},"finalizeTime":"2022-11-02T17:57:12.325785Z","finalizeUser":{"email":"admin@agenciaservitec.com"}}
[debug] [2022-11-02T17:57:12.151Z] [hosting] finalized version for sendingemails-348505:[object Object]
[info] ✔  hosting[sendingemails-348505]: version finalized 
[info] i  hosting[sendingemails-348505]: releasing new version... 
[debug] [2022-11-02T17:57:12.153Z] >>> [apiv2][query] POST https://firebasehosting.googleapis.com/v1beta1/projects/528330562982/sites/sendingemails-348505/releases versionName=projects%2F528330562982%2Fsites%2Fsendingemails-348505%2Fversions%2F948ddbef87b1c5fc
[debug] [2022-11-02T17:57:12.153Z] >>> [apiv2][body] POST https://firebasehosting.googleapis.com/v1beta1/projects/528330562982/sites/sendingemails-348505/releases {"message":null}
